info it worked if it ends with ok
verbose cli [ 'node', '/usr/bin/npm', 'install', '-g', 'handlebars' ]
info using npm@1.1.4
info using node@v0.6.12
verbose config file /home/vagrant/.npmrc
verbose config file /usr/etc/npmrc
verbose config file /usr/share/npm/npmrc
verbose cache add [ 'handlebars', null ]
silly cache add: name, spec, args [ undefined, 'handlebars', [ 'handlebars', null ] ]
verbose parsed url { pathname: 'handlebars',
verbose parsed url   path: 'handlebars',
verbose parsed url   href: 'handlebars' }
verbose addNamed [ 'handlebars', '' ]
verbose addNamed [ null, '' ]
silly name, range, hasData [ 'handlebars', '', false ]
verbose raw, before any munging handlebars
verbose url resolving [ 'http://registry.npmjs.org/', './handlebars' ]
verbose url resolved http://registry.npmjs.org/handlebars
http GET http://registry.npmjs.org/handlebars
http 200 http://registry.npmjs.org/handlebars
silly get cb [ 200,
silly get cb   { server: 'CouchDB/1.5.0 (Erlang OTP/R16B03)',
silly get cb     etag: '"852WZIFTIJSU5S2WAA7M9QZXB"',
silly get cb     'content-type': 'application/json',
silly get cb     'cache-control': 'max-age=60',
silly get cb     'content-length': '50281',
silly get cb     'accept-ranges': 'bytes',
silly get cb     date: 'Wed, 10 Dec 2014 02:59:26 GMT',
silly get cb     via: '1.1 varnish',
silly get cb     age: '44',
silly get cb     connection: 'keep-alive',
silly get cb     'x-served-by': 'cache-atl6230-ATL',
silly get cb     'x-cache': 'HIT',
silly get cb     'x-cache-hits': '1',
silly get cb     'x-timer': 'S1418180366.998541,VS0,VE1',
silly get cb     vary: 'Accept' } ]
verbose mkdir (expected) error ENOENT, no such file or directory '/home/vagrant/.npm'
verbose mkdir (expected) error ENOENT, no such file or directory '/home/vagrant/.npm/handlebars'
verbose mkdir done: /home/vagrant/.npm/handlebars 755
silly name, range, hasData 2 [ 'handlebars', '', true ]
silly versions [ 'handlebars',
silly versions   [ '1.0.6',
silly versions     '1.0.6-2',
silly versions     '1.0.7',
silly versions     '1.0.8',
silly versions     '1.0.9',
silly versions     '1.0.10',
silly versions     '1.0.11',
silly versions     '1.0.12',
silly versions     '1.1.0',
silly versions     '1.1.1',
silly versions     '1.1.2',
silly versions     '1.2.0',
silly versions     '1.2.1',
silly versions     '1.3.0',
silly versions     '2.0.0-alpha.1',
silly versions     '2.0.0-alpha.2',
silly versions     '2.0.0-alpha.3',
silly versions     '2.0.0-alpha.4',
silly versions     '2.0.0-beta.1',
silly versions     '2.0.0',
silly versions     '1.0.2-beta',
silly versions     '1.0.4-beta',
silly versions     '1.0.5-beta' ] ]
verbose bin dist [ '0.6-ares1.7.5-evundefined-openssl1.0.1-v83.7.12.22-linux-x64-3.2.0-23-generic',
verbose bin dist   { shasum: '6e9d7f8514a3467fa5e9f82cc158ecfc1d5ac76f',
verbose bin dist     tarball: 'http://registry.npmjs.org/handlebars/-/handlebars-2.0.0.tgz' } ]
verbose addRemoteTarball [ 'http://registry.npmjs.org/handlebars/-/handlebars-2.0.0.tgz',
verbose addRemoteTarball   '6e9d7f8514a3467fa5e9f82cc158ecfc1d5ac76f' ]
verbose mkdir (expected) error ENOENT, no such file or directory '/tmp/npm-1418180370113'
verbose mkdir (expected) error ENOENT, no such file or directory '/tmp/npm-1418180370113/1418180370113-0.20268754265271127'
verbose mkdir done: /tmp/npm-1418180370113/1418180370113-0.20268754265271127 755
verbose fetch to /tmp/npm-1418180370113/1418180370113-0.20268754265271127/tmp.tgz
http GET http://registry.npmjs.org/handlebars/-/handlebars-2.0.0.tgz
http 200 http://registry.npmjs.org/handlebars/-/handlebars-2.0.0.tgz
silly updated sha bytes 40960
silly updated sha bytes 40960
silly updated sha bytes 40960
silly updated sha bytes 40960
silly updated sha bytes 40960
silly updated sha bytes 40960
silly updated sha bytes 40960
silly updated sha bytes 40960
silly updated sha bytes 40960
silly updated sha bytes 11791
info shasum 6e9d7f8514a3467fa5e9f82cc158ecfc1d5ac76f
info shasum /tmp/npm-1418180370113/1418180370113-0.20268754265271127/tmp.tgz
verbose mkdir (expected) error ENOENT, no such file or directory '/tmp/npm-1418180370113/1418180370113-0.20268754265271127/___package.npm'
verbose mkdir done: /tmp/npm-1418180370113/1418180370113-0.20268754265271127/___package.npm 755
verbose unpack_ uid, gid [ undefined, undefined ]
verbose unpackTarget /tmp/npm-1418180370113/1418180370113-0.20268754265271127/package
silly gunzTarPerm modes [ '755', '644' ]
silly afterUntar ok
silly asyncMap in gTP /tmp/npm-1418180370113/1418180370113-0.20268754265271127/___package.npm/package
silly asyncMap in gTP /tmp/npm-1418180370113/1418180370113-0.20268754265271127/___package.npm/package/.istanbul.yml
silly asyncMap in gTP /tmp/npm-1418180370113/1418180370113-0.20268754265271127/___package.npm/package/.npmignore
silly asyncMap in gTP /tmp/npm-1418180370113/1418180370113-0.20268754265271127/___package.npm/package/.gitmodules
silly asyncMap in gTP /tmp/npm-1418180370113/1418180370113-0.20268754265271127/___package.npm/package/FAQ.md
silly asyncMap in gTP /tmp/npm-1418180370113/1418180370113-0.20268754265271127/___package.npm/package/LICENSE
silly asyncMap in gTP /tmp/npm-1418180370113/1418180370113-0.20268754265271127/___package.npm/package/release-notes.md
silly asyncMap in gTP /tmp/npm-1418180370113/1418180370113-0.20268754265271127/___package.npm/package/README.markdown
silly asyncMap in gTP /tmp/npm-1418180370113/1418180370113-0.20268754265271127/___package.npm/package/package.json
silly asyncMap in gTP /tmp/npm-1418180370113/1418180370113-0.20268754265271127/___package.npm/package/print-script
silly asyncMap in gTP /tmp/npm-1418180370113/1418180370113-0.20268754265271127/___package.npm/package/runtime.js
silly asyncMap in gTP /tmp/npm-1418180370113/1418180370113-0.20268754265271127/___package.npm/package/CONTRIBUTING.md
silly asyncMap in gTP /tmp/npm-1418180370113/1418180370113-0.20268754265271127/___package.npm/package/bin
silly asyncMap in gTP /tmp/npm-1418180370113/1418180370113-0.20268754265271127/___package.npm/package/bin/handlebars
silly asyncMap in gTP /tmp/npm-1418180370113/1418180370113-0.20268754265271127/___package.npm/package/lib
silly asyncMap in gTP /tmp/npm-1418180370113/1418180370113-0.20268754265271127/___package.npm/package/lib/precompiler.js
silly asyncMap in gTP /tmp/npm-1418180370113/1418180370113-0.20268754265271127/___package.npm/package/lib/index.js
silly asyncMap in gTP /tmp/npm-1418180370113/1418180370113-0.20268754265271127/___package.npm/package/lib/handlebars.runtime.js
silly asyncMap in gTP /tmp/npm-1418180370113/1418180370113-0.20268754265271127/___package.npm/package/lib/handlebars.js
silly asyncMap in gTP /tmp/npm-1418180370113/1418180370113-0.20268754265271127/___package.npm/package/lib/handlebars
silly asyncMap in gTP /tmp/npm-1418180370113/1418180370113-0.20268754265271127/___package.npm/package/lib/handlebars/runtime.js
silly asyncMap in gTP /tmp/npm-1418180370113/1418180370113-0.20268754265271127/___package.npm/package/lib/handlebars/safe-string.js
silly asyncMap in gTP /tmp/npm-1418180370113/1418180370113-0.20268754265271127/___package.npm/package/lib/handlebars/utils.js
silly asyncMap in gTP /tmp/npm-1418180370113/1418180370113-0.20268754265271127/___package.npm/package/lib/handlebars/exception.js
silly asyncMap in gTP /tmp/npm-1418180370113/1418180370113-0.20268754265271127/___package.npm/package/lib/handlebars/base.js
silly asyncMap in gTP /tmp/npm-1418180370113/1418180370113-0.20268754265271127/___package.npm/package/lib/handlebars/compiler
silly asyncMap in gTP /tmp/npm-1418180370113/1418180370113-0.20268754265271127/___package.npm/package/lib/handlebars/compiler/helpers.js
silly asyncMap in gTP /tmp/npm-1418180370113/1418180370113-0.20268754265271127/___package.npm/package/lib/handlebars/compiler/compiler.js
silly asyncMap in gTP /tmp/npm-1418180370113/1418180370113-0.20268754265271127/___package.npm/package/lib/handlebars/compiler/ast.js
silly asyncMap in gTP /tmp/npm-1418180370113/1418180370113-0.20268754265271127/___package.npm/package/lib/handlebars/compiler/printer.js
silly asyncMap in gTP /tmp/npm-1418180370113/1418180370113-0.20268754265271127/___package.npm/package/lib/handlebars/compiler/parser.js
silly asyncMap in gTP /tmp/npm-1418180370113/1418180370113-0.20268754265271127/___package.npm/package/lib/handlebars/compiler/javascript-compiler.js
silly asyncMap in gTP /tmp/npm-1418180370113/1418180370113-0.20268754265271127/___package.npm/package/lib/handlebars/compiler/visitor.js
silly asyncMap in gTP /tmp/npm-1418180370113/1418180370113-0.20268754265271127/___package.npm/package/lib/handlebars/compiler/base.js
silly asyncMap in gTP /tmp/npm-1418180370113/1418180370113-0.20268754265271127/___package.npm/package/dist
silly asyncMap in gTP /tmp/npm-1418180370113/1418180370113-0.20268754265271127/___package.npm/package/dist/handlebars.amd.min.js
silly asyncMap in gTP /tmp/npm-1418180370113/1418180370113-0.20268754265271127/___package.npm/package/dist/handlebars.runtime.amd.min.js
silly asyncMap in gTP /tmp/npm-1418180370113/1418180370113-0.20268754265271127/___package.npm/package/dist/handlebars.amd.js
silly asyncMap in gTP /tmp/npm-1418180370113/1418180370113-0.20268754265271127/___package.npm/package/dist/handlebars.runtime.min.js
silly asyncMap in gTP /tmp/npm-1418180370113/1418180370113-0.20268754265271127/___package.npm/package/dist/handlebars.runtime.amd.js
silly asyncMap in gTP /tmp/npm-1418180370113/1418180370113-0.20268754265271127/___package.npm/package/dist/handlebars.runtime.js
silly asyncMap in gTP /tmp/npm-1418180370113/1418180370113-0.20268754265271127/___package.npm/package/dist/handlebars.min.js
silly asyncMap in gTP /tmp/npm-1418180370113/1418180370113-0.20268754265271127/___package.npm/package/dist/handlebars.js
silly asyncMap in gTP /tmp/npm-1418180370113/1418180370113-0.20268754265271127/___package.npm/package/dist/amd
silly asyncMap in gTP /tmp/npm-1418180370113/1418180370113-0.20268754265271127/___package.npm/package/dist/amd/precompiler.js
silly asyncMap in gTP /tmp/npm-1418180370113/1418180370113-0.20268754265271127/___package.npm/package/dist/amd/handlebars.runtime.js
silly asyncMap in gTP /tmp/npm-1418180370113/1418180370113-0.20268754265271127/___package.npm/package/dist/amd/handlebars.js
silly asyncMap in gTP /tmp/npm-1418180370113/1418180370113-0.20268754265271127/___package.npm/package/dist/amd/handlebars
silly asyncMap in gTP /tmp/npm-1418180370113/1418180370113-0.20268754265271127/___package.npm/package/dist/amd/handlebars/runtime.js
silly asyncMap in gTP /tmp/npm-1418180370113/1418180370113-0.20268754265271127/___package.npm/package/dist/amd/handlebars/safe-string.js
silly asyncMap in gTP /tmp/npm-1418180370113/1418180370113-0.20268754265271127/___package.npm/package/dist/amd/handlebars/utils.js
silly asyncMap in gTP /tmp/npm-1418180370113/1418180370113-0.20268754265271127/___package.npm/package/dist/amd/handlebars/exception.js
silly asyncMap in gTP /tmp/npm-1418180370113/1418180370113-0.20268754265271127/___package.npm/package/dist/amd/handlebars/base.js
silly asyncMap in gTP /tmp/npm-1418180370113/1418180370113-0.20268754265271127/___package.npm/package/dist/amd/handlebars/compiler
silly asyncMap in gTP /tmp/npm-1418180370113/1418180370113-0.20268754265271127/___package.npm/package/dist/amd/handlebars/compiler/helpers.js
silly asyncMap in gTP /tmp/npm-1418180370113/1418180370113-0.20268754265271127/___package.npm/package/dist/amd/handlebars/compiler/compiler.js
silly asyncMap in gTP /tmp/npm-1418180370113/1418180370113-0.20268754265271127/___package.npm/package/dist/amd/handlebars/compiler/ast.js
silly asyncMap in gTP /tmp/npm-1418180370113/1418180370113-0.20268754265271127/___package.npm/package/dist/amd/handlebars/compiler/printer.js
silly asyncMap in gTP /tmp/npm-1418180370113/1418180370113-0.20268754265271127/___package.npm/package/dist/amd/handlebars/compiler/parser.js
silly asyncMap in gTP /tmp/npm-1418180370113/1418180370113-0.20268754265271127/___package.npm/package/dist/amd/handlebars/compiler/javascript-compiler.js
silly asyncMap in gTP /tmp/npm-1418180370113/1418180370113-0.20268754265271127/___package.npm/package/dist/amd/handlebars/compiler/visitor.js
silly asyncMap in gTP /tmp/npm-1418180370113/1418180370113-0.20268754265271127/___package.npm/package/dist/amd/handlebars/compiler/base.js
silly asyncMap in gTP /tmp/npm-1418180370113/1418180370113-0.20268754265271127/___package.npm/package/dist/cjs
silly asyncMap in gTP /tmp/npm-1418180370113/1418180370113-0.20268754265271127/___package.npm/package/dist/cjs/precompiler.js
silly asyncMap in gTP /tmp/npm-1418180370113/1418180370113-0.20268754265271127/___package.npm/package/dist/cjs/handlebars.runtime.js
silly asyncMap in gTP /tmp/npm-1418180370113/1418180370113-0.20268754265271127/___package.npm/package/dist/cjs/handlebars.js
silly asyncMap in gTP /tmp/npm-1418180370113/1418180370113-0.20268754265271127/___package.npm/package/dist/cjs/handlebars
silly asyncMap in gTP /tmp/npm-1418180370113/1418180370113-0.20268754265271127/___package.npm/package/dist/cjs/handlebars/runtime.js
silly asyncMap in gTP /tmp/npm-1418180370113/1418180370113-0.20268754265271127/___package.npm/package/dist/cjs/handlebars/safe-string.js
silly asyncMap in gTP /tmp/npm-1418180370113/1418180370113-0.20268754265271127/___package.npm/package/dist/cjs/handlebars/utils.js
silly asyncMap in gTP /tmp/npm-1418180370113/1418180370113-0.20268754265271127/___package.npm/package/dist/cjs/handlebars/exception.js
silly asyncMap in gTP /tmp/npm-1418180370113/1418180370113-0.20268754265271127/___package.npm/package/dist/cjs/handlebars/base.js
silly asyncMap in gTP /tmp/npm-1418180370113/1418180370113-0.20268754265271127/___package.npm/package/dist/cjs/handlebars/compiler
silly asyncMap in gTP /tmp/npm-1418180370113/1418180370113-0.20268754265271127/___package.npm/package/dist/cjs/handlebars/compiler/helpers.js
silly asyncMap in gTP /tmp/npm-1418180370113/1418180370113-0.20268754265271127/___package.npm/package/dist/cjs/handlebars/compiler/compiler.js
silly asyncMap in gTP /tmp/npm-1418180370113/1418180370113-0.20268754265271127/___package.npm/package/dist/cjs/handlebars/compiler/ast.js
silly asyncMap in gTP /tmp/npm-1418180370113/1418180370113-0.20268754265271127/___package.npm/package/dist/cjs/handlebars/compiler/printer.js
silly asyncMap in gTP /tmp/npm-1418180370113/1418180370113-0.20268754265271127/___package.npm/package/dist/cjs/handlebars/compiler/parser.js
silly asyncMap in gTP /tmp/npm-1418180370113/1418180370113-0.20268754265271127/___package.npm/package/dist/cjs/handlebars/compiler/javascript-compiler.js
silly asyncMap in gTP /tmp/npm-1418180370113/1418180370113-0.20268754265271127/___package.npm/package/dist/cjs/handlebars/compiler/visitor.js
silly asyncMap in gTP /tmp/npm-1418180370113/1418180370113-0.20268754265271127/___package.npm/package/dist/cjs/handlebars/compiler/base.js
silly asyncMap in gTP /tmp/npm-1418180370113/1418180370113-0.20268754265271127/___package.npm/package/coverage
silly asyncMap in gTP /tmp/npm-1418180370113/1418180370113-0.20268754265271127/___package.npm/package/coverage/coverage.json
silly asyncMap in gTP /tmp/npm-1418180370113/1418180370113-0.20268754265271127/___package.npm/package/coverage/lcov.info
silly asyncMap in gTP /tmp/npm-1418180370113/1418180370113-0.20268754265271127/___package.npm/package/coverage/lcov-report
silly asyncMap in gTP /tmp/npm-1418180370113/1418180370113-0.20268754265271127/___package.npm/package/coverage/lcov-report/prettify.js
silly asyncMap in gTP /tmp/npm-1418180370113/1418180370113-0.20268754265271127/___package.npm/package/coverage/lcov-report/index.html
silly asyncMap in gTP /tmp/npm-1418180370113/1418180370113-0.20268754265271127/___package.npm/package/coverage/lcov-report/prettify.css
silly asyncMap in gTP /tmp/npm-1418180370113/1418180370113-0.20268754265271127/___package.npm/package/coverage/lcov-report/lib
silly asyncMap in gTP /tmp/npm-1418180370113/1418180370113-0.20268754265271127/___package.npm/package/coverage/lcov-report/lib/index.html
silly asyncMap in gTP /tmp/npm-1418180370113/1418180370113-0.20268754265271127/___package.npm/package/coverage/lcov-report/lib/precompiler.js.html
silly asyncMap in gTP /tmp/npm-1418180370113/1418180370113-0.20268754265271127/___package.npm/package/coverage/lcov-report/lib/index.js.html
silly asyncMap in gTP /tmp/npm-1418180370113/1418180370113-0.20268754265271127/___package.npm/package/coverage/lcov-report/spec
silly asyncMap in gTP /tmp/npm-1418180370113/1418180370113-0.20268754265271127/___package.npm/package/coverage/lcov-report/spec/basic.js.html
silly asyncMap in gTP /tmp/npm-1418180370113/1418180370113-0.20268754265271127/___package.npm/package/coverage/lcov-report/spec/builtins.js.html
silly asyncMap in gTP /tmp/npm-1418180370113/1418180370113-0.20268754265271127/___package.npm/package/coverage/lcov-report/spec/tokenizer.js.html
silly asyncMap in gTP /tmp/npm-1418180370113/1418180370113-0.20268754265271127/___package.npm/package/coverage/lcov-report/spec/string-params.js.html
silly asyncMap in gTP /tmp/npm-1418180370113/1418180370113-0.20268754265271127/___package.npm/package/coverage/lcov-report/spec/javascript-compiler.js.html
silly asyncMap in gTP /tmp/npm-1418180370113/1418180370113-0.20268754265271127/___package.npm/package/coverage/lcov-report/spec/track-ids.js.html
silly asyncMap in gTP /tmp/npm-1418180370113/1418180370113-0.20268754265271127/___package.npm/package/coverage/lcov-report/spec/index.html
silly asyncMap in gTP /tmp/npm-1418180370113/1418180370113-0.20268754265271127/___package.npm/package/coverage/lcov-report/spec/precompiler.js.html
silly asyncMap in gTP /tmp/npm-1418180370113/1418180370113-0.20268754265271127/___package.npm/package/coverage/lcov-report/spec/helpers.js.html
silly asyncMap in gTP /tmp/npm-1418180370113/1418180370113-0.20268754265271127/___package.npm/package/coverage/lcov-report/spec/utils.js.html
silly asyncMap in gTP /tmp/npm-1418180370113/1418180370113-0.20268754265271127/___package.npm/package/coverage/lcov-report/spec/require.js.html
silly asyncMap in gTP /tmp/npm-1418180370113/1418180370113-0.20268754265271127/___package.npm/package/coverage/lcov-report/spec/whitespace-control.js.html
silly asyncMap in gTP /tmp/npm-1418180370113/1418180370113-0.20268754265271127/___package.npm/package/coverage/lcov-report/spec/parser.js.html
silly asyncMap in gTP /tmp/npm-1418180370113/1418180370113-0.20268754265271127/___package.npm/package/coverage/lcov-report/spec/data.js.html
silly asyncMap in gTP /tmp/npm-1418180370113/1418180370113-0.20268754265271127/___package.npm/package/coverage/lcov-report/spec/ast.js.html
silly asyncMap in gTP /tmp/npm-1418180370113/1418180370113-0.20268754265271127/___package.npm/package/coverage/lcov-report/spec/partials.js.html
silly asyncMap in gTP /tmp/npm-1418180370113/1418180370113-0.20268754265271127/___package.npm/package/coverage/lcov-report/spec/subexpressions.js.html
silly asyncMap in gTP /tmp/npm-1418180370113/1418180370113-0.20268754265271127/___package.npm/package/coverage/lcov-report/spec/runtime.js.html
silly asyncMap in gTP /tmp/npm-1418180370113/1418180370113-0.20268754265271127/___package.npm/package/coverage/lcov-report/spec/regressions.js.html
silly asyncMap in gTP /tmp/npm-1418180370113/1418180370113-0.20268754265271127/___package.npm/package/coverage/lcov-report/spec/spec.js.html
silly asyncMap in gTP /tmp/npm-1418180370113/1418180370113-0.20268754265271127/___package.npm/package/coverage/lcov-report/spec/blocks.js.html
silly asyncMap in gTP /tmp/npm-1418180370113/1418180370113-0.20268754265271127/___package.npm/package/coverage/lcov-report/spec/env
silly asyncMap in gTP /tmp/npm-1418180370113/1418180370113-0.20268754265271127/___package.npm/package/coverage/lcov-report/spec/env/common.js.html
silly asyncMap in gTP /tmp/npm-1418180370113/1418180370113-0.20268754265271127/___package.npm/package/coverage/lcov-report/spec/env/browser.js.html
silly asyncMap in gTP /tmp/npm-1418180370113/1418180370113-0.20268754265271127/___package.npm/package/coverage/lcov-report/spec/env/index.html
silly asyncMap in gTP /tmp/npm-1418180370113/1418180370113-0.20268754265271127/___package.npm/package/coverage/lcov-report/spec/env/runner.js.html
silly asyncMap in gTP /tmp/npm-1418180370113/1418180370113-0.20268754265271127/___package.npm/package/coverage/lcov-report/spec/env/runtime.js.html
silly asyncMap in gTP /tmp/npm-1418180370113/1418180370113-0.20268754265271127/___package.npm/package/coverage/lcov-report/spec/env/node.js.html
silly asyncMap in gTP /tmp/npm-1418180370113/1418180370113-0.20268754265271127/___package.npm/package/coverage/lcov-report/dist
silly asyncMap in gTP /tmp/npm-1418180370113/1418180370113-0.20268754265271127/___package.npm/package/coverage/lcov-report/dist/cjs
silly asyncMap in gTP /tmp/npm-1418180370113/1418180370113-0.20268754265271127/___package.npm/package/coverage/lcov-report/dist/cjs/handlebars.js.html
silly asyncMap in gTP /tmp/npm-1418180370113/1418180370113-0.20268754265271127/___package.npm/package/coverage/lcov-report/dist/cjs/index.html
silly asyncMap in gTP /tmp/npm-1418180370113/1418180370113-0.20268754265271127/___package.npm/package/coverage/lcov-report/dist/cjs/handlebars.runtime.js.html
silly asyncMap in gTP /tmp/npm-1418180370113/1418180370113-0.20268754265271127/___package.npm/package/coverage/lcov-report/dist/cjs/handlebars
silly asyncMap in gTP /tmp/npm-1418180370113/1418180370113-0.20268754265271127/___package.npm/package/coverage/lcov-report/dist/cjs/handlebars/base.js.html
silly asyncMap in gTP /tmp/npm-1418180370113/1418180370113-0.20268754265271127/___package.npm/package/coverage/lcov-report/dist/cjs/handlebars/index.html
silly asyncMap in gTP /tmp/npm-1418180370113/1418180370113-0.20268754265271127/___package.npm/package/coverage/lcov-report/dist/cjs/handlebars/utils.js.html
silly asyncMap in gTP /tmp/npm-1418180370113/1418180370113-0.20268754265271127/___package.npm/package/coverage/lcov-report/dist/cjs/handlebars/exception.js.html
silly asyncMap in gTP /tmp/npm-1418180370113/1418180370113-0.20268754265271127/___package.npm/package/coverage/lcov-report/dist/cjs/handlebars/runtime.js.html
silly asyncMap in gTP /tmp/npm-1418180370113/1418180370113-0.20268754265271127/___package.npm/package/coverage/lcov-report/dist/cjs/handlebars/safe-string.js.html
silly asyncMap in gTP /tmp/npm-1418180370113/1418180370113-0.20268754265271127/___package.npm/package/coverage/lcov-report/dist/cjs/handlebars/compiler
silly asyncMap in gTP /tmp/npm-1418180370113/1418180370113-0.20268754265271127/___package.npm/package/coverage/lcov-report/dist/cjs/handlebars/compiler/visitor.js.html
silly asyncMap in gTP /tmp/npm-1418180370113/1418180370113-0.20268754265271127/___package.npm/package/coverage/lcov-report/dist/cjs/handlebars/compiler/printer.js.html
silly asyncMap in gTP /tmp/npm-1418180370113/1418180370113-0.20268754265271127/___package.npm/package/coverage/lcov-report/dist/cjs/handlebars/compiler/compiler.js.html
silly asyncMap in gTP /tmp/npm-1418180370113/1418180370113-0.20268754265271127/___package.npm/package/coverage/lcov-report/dist/cjs/handlebars/compiler/javascript-compiler.js.html
silly asyncMap in gTP /tmp/npm-1418180370113/1418180370113-0.20268754265271127/___package.npm/package/coverage/lcov-report/dist/cjs/handlebars/compiler/base.js.html
silly asyncMap in gTP /tmp/npm-1418180370113/1418180370113-0.20268754265271127/___package.npm/package/coverage/lcov-report/dist/cjs/handlebars/compiler/index.html
silly asyncMap in gTP /tmp/npm-1418180370113/1418180370113-0.20268754265271127/___package.npm/package/coverage/lcov-report/dist/cjs/handlebars/compiler/helpers.js.html
silly asyncMap in gTP /tmp/npm-1418180370113/1418180370113-0.20268754265271127/___package.npm/package/coverage/lcov-report/dist/cjs/handlebars/compiler/parser.js.html
silly asyncMap in gTP /tmp/npm-1418180370113/1418180370113-0.20268754265271127/___package.npm/package/coverage/lcov-report/dist/cjs/handlebars/compiler/ast.js.html
silly chmod package 755
silly chmod bin 755
silly chmod lib 755
silly chmod handlebars 755
silly chmod compiler 755
silly chmod dist 755
silly chmod amd 755
silly chmod handlebars 755
silly chmod compiler 755
silly chmod cjs 755
silly chmod handlebars 755
silly chmod compiler 755
silly chmod coverage 755
silly chmod lcov-report 755
silly chmod lib 755
silly chmod spec 755
silly chmod env 755
silly chmod dist 755
silly chmod cjs 755
silly chmod handlebars 755
silly chmod compiler 755
verbose gunzed /tmp/npm-1418180370113/1418180370113-0.20268754265271127/___package.npm/package
verbose rm'ed /tmp/npm-1418180370113/1418180370113-0.20268754265271127/package
verbose renamed [ '/tmp/npm-1418180370113/1418180370113-0.20268754265271127/___package.npm/package',
verbose renamed   '/tmp/npm-1418180370113/1418180370113-0.20268754265271127/package' ]
verbose caching /tmp/npm-1418180370113/1418180370113-0.20268754265271127/package/package.json
verbose loadDefaults handlebars@2.0.0
verbose tarball contents [ 'package', 'tmp.tgz' ]
verbose from cache /tmp/npm-1418180370113/1418180370113-0.20268754265271127/package/package.json
verbose pack /tmp/npm-1418180370113/1418180370113-0.20268754265271127/package
verbose pack /tmp/npm-1418180370113/1418180370113-0.20268754265271127/package /home/vagrant/.npm/handlebars/2.0.0/package.tgz
silly makeList /tmp/npm-1418180370113/1418180370113-0.20268754265271127/package
silly dir, dirLen [ '/tmp/npm-1418180370113/1418180370113-0.20268754265271127/package',
silly dir, dirLen   65 ]
verbose tarball /home/vagrant/.npm/handlebars/2.0.0/package.tgz
verbose parent /tmp/npm-1418180370113/1418180370113-0.20268754265271127/package
verbose mkdir (expected) error ENOENT, no such file or directory '/home/vagrant/.npm/handlebars/2.0.0/___package.npm'
verbose mkdir done: /home/vagrant/.npm/handlebars/2.0.0/___package.npm 755
verbose unpack_ uid, gid [ undefined, undefined ]
verbose unpackTarget /home/vagrant/.npm/handlebars/2.0.0/package
silly gunzTarPerm modes [ '755', '644' ]
silly afterUntar ok
silly asyncMap in gTP /home/vagrant/.npm/handlebars/2.0.0/___package.npm/package
silly asyncMap in gTP /home/vagrant/.npm/handlebars/2.0.0/___package.npm/package/.istanbul.yml
silly asyncMap in gTP /home/vagrant/.npm/handlebars/2.0.0/___package.npm/package/runtime.js
silly asyncMap in gTP /home/vagrant/.npm/handlebars/2.0.0/___package.npm/package/CONTRIBUTING.md
silly asyncMap in gTP /home/vagrant/.npm/handlebars/2.0.0/___package.npm/package/.npmignore
silly asyncMap in gTP /home/vagrant/.npm/handlebars/2.0.0/___package.npm/package/.gitmodules
silly asyncMap in gTP /home/vagrant/.npm/handlebars/2.0.0/___package.npm/package/FAQ.md
silly asyncMap in gTP /home/vagrant/.npm/handlebars/2.0.0/___package.npm/package/LICENSE
silly asyncMap in gTP /home/vagrant/.npm/handlebars/2.0.0/___package.npm/package/release-notes.md
silly asyncMap in gTP /home/vagrant/.npm/handlebars/2.0.0/___package.npm/package/README.markdown
silly asyncMap in gTP /home/vagrant/.npm/handlebars/2.0.0/___package.npm/package/package.json
silly asyncMap in gTP /home/vagrant/.npm/handlebars/2.0.0/___package.npm/package/print-script
silly asyncMap in gTP /home/vagrant/.npm/handlebars/2.0.0/___package.npm/package/bin
silly asyncMap in gTP /home/vagrant/.npm/handlebars/2.0.0/___package.npm/package/bin/handlebars
silly asyncMap in gTP /home/vagrant/.npm/handlebars/2.0.0/___package.npm/package/lib
silly asyncMap in gTP /home/vagrant/.npm/handlebars/2.0.0/___package.npm/package/lib/precompiler.js
silly asyncMap in gTP /home/vagrant/.npm/handlebars/2.0.0/___package.npm/package/lib/index.js
silly asyncMap in gTP /home/vagrant/.npm/handlebars/2.0.0/___package.npm/package/lib/handlebars.runtime.js
silly asyncMap in gTP /home/vagrant/.npm/handlebars/2.0.0/___package.npm/package/lib/handlebars.js
silly asyncMap in gTP /home/vagrant/.npm/handlebars/2.0.0/___package.npm/package/lib/handlebars
silly asyncMap in gTP /home/vagrant/.npm/handlebars/2.0.0/___package.npm/package/lib/handlebars/runtime.js
silly asyncMap in gTP /home/vagrant/.npm/handlebars/2.0.0/___package.npm/package/lib/handlebars/safe-string.js
silly asyncMap in gTP /home/vagrant/.npm/handlebars/2.0.0/___package.npm/package/lib/handlebars/utils.js
silly asyncMap in gTP /home/vagrant/.npm/handlebars/2.0.0/___package.npm/package/lib/handlebars/exception.js
silly asyncMap in gTP /home/vagrant/.npm/handlebars/2.0.0/___package.npm/package/lib/handlebars/base.js
silly asyncMap in gTP /home/vagrant/.npm/handlebars/2.0.0/___package.npm/package/lib/handlebars/compiler
silly asyncMap in gTP /home/vagrant/.npm/handlebars/2.0.0/___package.npm/package/lib/handlebars/compiler/helpers.js
silly asyncMap in gTP /home/vagrant/.npm/handlebars/2.0.0/___package.npm/package/lib/handlebars/compiler/compiler.js
silly asyncMap in gTP /home/vagrant/.npm/handlebars/2.0.0/___package.npm/package/lib/handlebars/compiler/ast.js
silly asyncMap in gTP /home/vagrant/.npm/handlebars/2.0.0/___package.npm/package/lib/handlebars/compiler/printer.js
silly asyncMap in gTP /home/vagrant/.npm/handlebars/2.0.0/___package.npm/package/lib/handlebars/compiler/parser.js
silly asyncMap in gTP /home/vagrant/.npm/handlebars/2.0.0/___package.npm/package/lib/handlebars/compiler/javascript-compiler.js
silly asyncMap in gTP /home/vagrant/.npm/handlebars/2.0.0/___package.npm/package/lib/handlebars/compiler/visitor.js
silly asyncMap in gTP /home/vagrant/.npm/handlebars/2.0.0/___package.npm/package/lib/handlebars/compiler/base.js
silly asyncMap in gTP /home/vagrant/.npm/handlebars/2.0.0/___package.npm/package/dist
silly asyncMap in gTP /home/vagrant/.npm/handlebars/2.0.0/___package.npm/package/dist/handlebars.amd.min.js
silly asyncMap in gTP /home/vagrant/.npm/handlebars/2.0.0/___package.npm/package/dist/handlebars.runtime.amd.min.js
silly asyncMap in gTP /home/vagrant/.npm/handlebars/2.0.0/___package.npm/package/dist/handlebars.amd.js
silly asyncMap in gTP /home/vagrant/.npm/handlebars/2.0.0/___package.npm/package/dist/handlebars.runtime.min.js
silly asyncMap in gTP /home/vagrant/.npm/handlebars/2.0.0/___package.npm/package/dist/handlebars.runtime.amd.js
silly asyncMap in gTP /home/vagrant/.npm/handlebars/2.0.0/___package.npm/package/dist/handlebars.runtime.js
silly asyncMap in gTP /home/vagrant/.npm/handlebars/2.0.0/___package.npm/package/dist/handlebars.min.js
silly asyncMap in gTP /home/vagrant/.npm/handlebars/2.0.0/___package.npm/package/dist/handlebars.js
silly asyncMap in gTP /home/vagrant/.npm/handlebars/2.0.0/___package.npm/package/dist/amd
silly asyncMap in gTP /home/vagrant/.npm/handlebars/2.0.0/___package.npm/package/dist/amd/precompiler.js
silly asyncMap in gTP /home/vagrant/.npm/handlebars/2.0.0/___package.npm/package/dist/amd/handlebars.runtime.js
silly asyncMap in gTP /home/vagrant/.npm/handlebars/2.0.0/___package.npm/package/dist/amd/handlebars.js
silly asyncMap in gTP /home/vagrant/.npm/handlebars/2.0.0/___package.npm/package/dist/amd/handlebars
silly asyncMap in gTP /home/vagrant/.npm/handlebars/2.0.0/___package.npm/package/dist/amd/handlebars/runtime.js
silly asyncMap in gTP /home/vagrant/.npm/handlebars/2.0.0/___package.npm/package/dist/amd/handlebars/safe-string.js
silly asyncMap in gTP /home/vagrant/.npm/handlebars/2.0.0/___package.npm/package/dist/amd/handlebars/utils.js
silly asyncMap in gTP /home/vagrant/.npm/handlebars/2.0.0/___package.npm/package/dist/amd/handlebars/exception.js
silly asyncMap in gTP /home/vagrant/.npm/handlebars/2.0.0/___package.npm/package/dist/amd/handlebars/base.js
silly asyncMap in gTP /home/vagrant/.npm/handlebars/2.0.0/___package.npm/package/dist/amd/handlebars/compiler
silly asyncMap in gTP /home/vagrant/.npm/handlebars/2.0.0/___package.npm/package/dist/amd/handlebars/compiler/helpers.js
silly asyncMap in gTP /home/vagrant/.npm/handlebars/2.0.0/___package.npm/package/dist/amd/handlebars/compiler/compiler.js
silly asyncMap in gTP /home/vagrant/.npm/handlebars/2.0.0/___package.npm/package/dist/amd/handlebars/compiler/ast.js
silly asyncMap in gTP /home/vagrant/.npm/handlebars/2.0.0/___package.npm/package/dist/amd/handlebars/compiler/printer.js
silly asyncMap in gTP /home/vagrant/.npm/handlebars/2.0.0/___package.npm/package/dist/amd/handlebars/compiler/parser.js
silly asyncMap in gTP /home/vagrant/.npm/handlebars/2.0.0/___package.npm/package/dist/amd/handlebars/compiler/javascript-compiler.js
silly asyncMap in gTP /home/vagrant/.npm/handlebars/2.0.0/___package.npm/package/dist/amd/handlebars/compiler/visitor.js
silly asyncMap in gTP /home/vagrant/.npm/handlebars/2.0.0/___package.npm/package/dist/amd/handlebars/compiler/base.js
silly asyncMap in gTP /home/vagrant/.npm/handlebars/2.0.0/___package.npm/package/dist/cjs
silly asyncMap in gTP /home/vagrant/.npm/handlebars/2.0.0/___package.npm/package/dist/cjs/precompiler.js
silly asyncMap in gTP /home/vagrant/.npm/handlebars/2.0.0/___package.npm/package/dist/cjs/handlebars.runtime.js
silly asyncMap in gTP /home/vagrant/.npm/handlebars/2.0.0/___package.npm/package/dist/cjs/handlebars.js
silly asyncMap in gTP /home/vagrant/.npm/handlebars/2.0.0/___package.npm/package/dist/cjs/handlebars
silly asyncMap in gTP /home/vagrant/.npm/handlebars/2.0.0/___package.npm/package/dist/cjs/handlebars/runtime.js
silly asyncMap in gTP /home/vagrant/.npm/handlebars/2.0.0/___package.npm/package/dist/cjs/handlebars/safe-string.js
silly asyncMap in gTP /home/vagrant/.npm/handlebars/2.0.0/___package.npm/package/dist/cjs/handlebars/utils.js
silly asyncMap in gTP /home/vagrant/.npm/handlebars/2.0.0/___package.npm/package/dist/cjs/handlebars/exception.js
silly asyncMap in gTP /home/vagrant/.npm/handlebars/2.0.0/___package.npm/package/dist/cjs/handlebars/base.js
silly asyncMap in gTP /home/vagrant/.npm/handlebars/2.0.0/___package.npm/package/dist/cjs/handlebars/compiler
silly asyncMap in gTP /home/vagrant/.npm/handlebars/2.0.0/___package.npm/package/dist/cjs/handlebars/compiler/helpers.js
silly asyncMap in gTP /home/vagrant/.npm/handlebars/2.0.0/___package.npm/package/dist/cjs/handlebars/compiler/compiler.js
silly asyncMap in gTP /home/vagrant/.npm/handlebars/2.0.0/___package.npm/package/dist/cjs/handlebars/compiler/ast.js
silly asyncMap in gTP /home/vagrant/.npm/handlebars/2.0.0/___package.npm/package/dist/cjs/handlebars/compiler/printer.js
silly asyncMap in gTP /home/vagrant/.npm/handlebars/2.0.0/___package.npm/package/dist/cjs/handlebars/compiler/parser.js
silly asyncMap in gTP /home/vagrant/.npm/handlebars/2.0.0/___package.npm/package/dist/cjs/handlebars/compiler/javascript-compiler.js
silly asyncMap in gTP /home/vagrant/.npm/handlebars/2.0.0/___package.npm/package/dist/cjs/handlebars/compiler/visitor.js
silly asyncMap in gTP /home/vagrant/.npm/handlebars/2.0.0/___package.npm/package/dist/cjs/handlebars/compiler/base.js
silly asyncMap in gTP /home/vagrant/.npm/handlebars/2.0.0/___package.npm/package/coverage
silly asyncMap in gTP /home/vagrant/.npm/handlebars/2.0.0/___package.npm/package/coverage/coverage.json
silly asyncMap in gTP /home/vagrant/.npm/handlebars/2.0.0/___package.npm/package/coverage/lcov.info
silly asyncMap in gTP /home/vagrant/.npm/handlebars/2.0.0/___package.npm/package/coverage/lcov-report
silly asyncMap in gTP /home/vagrant/.npm/handlebars/2.0.0/___package.npm/package/coverage/lcov-report/prettify.js
silly asyncMap in gTP /home/vagrant/.npm/handlebars/2.0.0/___package.npm/package/coverage/lcov-report/index.html
silly asyncMap in gTP /home/vagrant/.npm/handlebars/2.0.0/___package.npm/package/coverage/lcov-report/prettify.css
silly asyncMap in gTP /home/vagrant/.npm/handlebars/2.0.0/___package.npm/package/coverage/lcov-report/lib
silly asyncMap in gTP /home/vagrant/.npm/handlebars/2.0.0/___package.npm/package/coverage/lcov-report/lib/index.html
silly asyncMap in gTP /home/vagrant/.npm/handlebars/2.0.0/___package.npm/package/coverage/lcov-report/lib/precompiler.js.html
silly asyncMap in gTP /home/vagrant/.npm/handlebars/2.0.0/___package.npm/package/coverage/lcov-report/lib/index.js.html
silly asyncMap in gTP /home/vagrant/.npm/handlebars/2.0.0/___package.npm/package/coverage/lcov-report/spec
silly asyncMap in gTP /home/vagrant/.npm/handlebars/2.0.0/___package.npm/package/coverage/lcov-report/spec/basic.js.html
silly asyncMap in gTP /home/vagrant/.npm/handlebars/2.0.0/___package.npm/package/coverage/lcov-report/spec/builtins.js.html
silly asyncMap in gTP /home/vagrant/.npm/handlebars/2.0.0/___package.npm/package/coverage/lcov-report/spec/tokenizer.js.html
silly asyncMap in gTP /home/vagrant/.npm/handlebars/2.0.0/___package.npm/package/coverage/lcov-report/spec/string-params.js.html
silly asyncMap in gTP /home/vagrant/.npm/handlebars/2.0.0/___package.npm/package/coverage/lcov-report/spec/javascript-compiler.js.html
silly asyncMap in gTP /home/vagrant/.npm/handlebars/2.0.0/___package.npm/package/coverage/lcov-report/spec/track-ids.js.html
silly asyncMap in gTP /home/vagrant/.npm/handlebars/2.0.0/___package.npm/package/coverage/lcov-report/spec/index.html
silly asyncMap in gTP /home/vagrant/.npm/handlebars/2.0.0/___package.npm/package/coverage/lcov-report/spec/precompiler.js.html
silly asyncMap in gTP /home/vagrant/.npm/handlebars/2.0.0/___package.npm/package/coverage/lcov-report/spec/helpers.js.html
silly asyncMap in gTP /home/vagrant/.npm/handlebars/2.0.0/___package.npm/package/coverage/lcov-report/spec/utils.js.html
silly asyncMap in gTP /home/vagrant/.npm/handlebars/2.0.0/___package.npm/package/coverage/lcov-report/spec/require.js.html
silly asyncMap in gTP /home/vagrant/.npm/handlebars/2.0.0/___package.npm/package/coverage/lcov-report/spec/whitespace-control.js.html
silly asyncMap in gTP /home/vagrant/.npm/handlebars/2.0.0/___package.npm/package/coverage/lcov-report/spec/parser.js.html
silly asyncMap in gTP /home/vagrant/.npm/handlebars/2.0.0/___package.npm/package/coverage/lcov-report/spec/data.js.html
silly asyncMap in gTP /home/vagrant/.npm/handlebars/2.0.0/___package.npm/package/coverage/lcov-report/spec/ast.js.html
silly asyncMap in gTP /home/vagrant/.npm/handlebars/2.0.0/___package.npm/package/coverage/lcov-report/spec/partials.js.html
silly asyncMap in gTP /home/vagrant/.npm/handlebars/2.0.0/___package.npm/package/coverage/lcov-report/spec/subexpressions.js.html
silly asyncMap in gTP /home/vagrant/.npm/handlebars/2.0.0/___package.npm/package/coverage/lcov-report/spec/runtime.js.html
silly asyncMap in gTP /home/vagrant/.npm/handlebars/2.0.0/___package.npm/package/coverage/lcov-report/spec/regressions.js.html
silly asyncMap in gTP /home/vagrant/.npm/handlebars/2.0.0/___package.npm/package/coverage/lcov-report/spec/spec.js.html
silly asyncMap in gTP /home/vagrant/.npm/handlebars/2.0.0/___package.npm/package/coverage/lcov-report/spec/blocks.js.html
silly asyncMap in gTP /home/vagrant/.npm/handlebars/2.0.0/___package.npm/package/coverage/lcov-report/spec/env
silly asyncMap in gTP /home/vagrant/.npm/handlebars/2.0.0/___package.npm/package/coverage/lcov-report/spec/env/common.js.html
silly asyncMap in gTP /home/vagrant/.npm/handlebars/2.0.0/___package.npm/package/coverage/lcov-report/spec/env/browser.js.html
silly asyncMap in gTP /home/vagrant/.npm/handlebars/2.0.0/___package.npm/package/coverage/lcov-report/spec/env/index.html
silly asyncMap in gTP /home/vagrant/.npm/handlebars/2.0.0/___package.npm/package/coverage/lcov-report/spec/env/runner.js.html
silly asyncMap in gTP /home/vagrant/.npm/handlebars/2.0.0/___package.npm/package/coverage/lcov-report/spec/env/runtime.js.html
silly asyncMap in gTP /home/vagrant/.npm/handlebars/2.0.0/___package.npm/package/coverage/lcov-report/spec/env/node.js.html
silly asyncMap in gTP /home/vagrant/.npm/handlebars/2.0.0/___package.npm/package/coverage/lcov-report/dist
silly asyncMap in gTP /home/vagrant/.npm/handlebars/2.0.0/___package.npm/package/coverage/lcov-report/dist/cjs
silly asyncMap in gTP /home/vagrant/.npm/handlebars/2.0.0/___package.npm/package/coverage/lcov-report/dist/cjs/handlebars.js.html
silly asyncMap in gTP /home/vagrant/.npm/handlebars/2.0.0/___package.npm/package/coverage/lcov-report/dist/cjs/index.html
silly asyncMap in gTP /home/vagrant/.npm/handlebars/2.0.0/___package.npm/package/coverage/lcov-report/dist/cjs/handlebars.runtime.js.html
silly asyncMap in gTP /home/vagrant/.npm/handlebars/2.0.0/___package.npm/package/coverage/lcov-report/dist/cjs/handlebars
silly asyncMap in gTP /home/vagrant/.npm/handlebars/2.0.0/___package.npm/package/coverage/lcov-report/dist/cjs/handlebars/base.js.html
silly asyncMap in gTP /home/vagrant/.npm/handlebars/2.0.0/___package.npm/package/coverage/lcov-report/dist/cjs/handlebars/index.html
silly asyncMap in gTP /home/vagrant/.npm/handlebars/2.0.0/___package.npm/package/coverage/lcov-report/dist/cjs/handlebars/utils.js.html
silly asyncMap in gTP /home/vagrant/.npm/handlebars/2.0.0/___package.npm/package/coverage/lcov-report/dist/cjs/handlebars/exception.js.html
silly asyncMap in gTP /home/vagrant/.npm/handlebars/2.0.0/___package.npm/package/coverage/lcov-report/dist/cjs/handlebars/runtime.js.html
silly asyncMap in gTP /home/vagrant/.npm/handlebars/2.0.0/___package.npm/package/coverage/lcov-report/dist/cjs/handlebars/safe-string.js.html
silly asyncMap in gTP /home/vagrant/.npm/handlebars/2.0.0/___package.npm/package/coverage/lcov-report/dist/cjs/handlebars/compiler
silly asyncMap in gTP /home/vagrant/.npm/handlebars/2.0.0/___package.npm/package/coverage/lcov-report/dist/cjs/handlebars/compiler/visitor.js.html
silly asyncMap in gTP /home/vagrant/.npm/handlebars/2.0.0/___package.npm/package/coverage/lcov-report/dist/cjs/handlebars/compiler/printer.js.html
silly asyncMap in gTP /home/vagrant/.npm/handlebars/2.0.0/___package.npm/package/coverage/lcov-report/dist/cjs/handlebars/compiler/compiler.js.html
silly asyncMap in gTP /home/vagrant/.npm/handlebars/2.0.0/___package.npm/package/coverage/lcov-report/dist/cjs/handlebars/compiler/javascript-compiler.js.html
silly asyncMap in gTP /home/vagrant/.npm/handlebars/2.0.0/___package.npm/package/coverage/lcov-report/dist/cjs/handlebars/compiler/base.js.html
silly asyncMap in gTP /home/vagrant/.npm/handlebars/2.0.0/___package.npm/package/coverage/lcov-report/dist/cjs/handlebars/compiler/index.html
silly asyncMap in gTP /home/vagrant/.npm/handlebars/2.0.0/___package.npm/package/coverage/lcov-report/dist/cjs/handlebars/compiler/helpers.js.html
silly asyncMap in gTP /home/vagrant/.npm/handlebars/2.0.0/___package.npm/package/coverage/lcov-report/dist/cjs/handlebars/compiler/parser.js.html
silly asyncMap in gTP /home/vagrant/.npm/handlebars/2.0.0/___package.npm/package/coverage/lcov-report/dist/cjs/handlebars/compiler/ast.js.html
silly chmod package 755
verbose gunzed /home/vagrant/.npm/handlebars/2.0.0/___package.npm/package
verbose rm'ed /home/vagrant/.npm/handlebars/2.0.0/package
verbose renamed [ '/home/vagrant/.npm/handlebars/2.0.0/___package.npm/package',
verbose renamed   '/home/vagrant/.npm/handlebars/2.0.0/package' ]
verbose caching /home/vagrant/.npm/handlebars/2.0.0/package/package.json
verbose loadDefaults handlebars@2.0.0
silly updated sha bytes 40960
silly updated sha bytes 40960
silly updated sha bytes 40960
silly updated sha bytes 40960
silly updated sha bytes 40960
silly updated sha bytes 40960
silly updated sha bytes 40960
silly updated sha bytes 40960
silly updated sha bytes 40960
silly updated sha bytes 14439
info shasum 6bf4885e4064cd315c29c39af2c014179d7caaca
info shasum /home/vagrant/.npm/handlebars/2.0.0/package.tgz
verbose from cache /home/vagrant/.npm/handlebars/2.0.0/package/package.json
verbose chmod /home/vagrant/.npm/handlebars/2.0.0/package.tgz 644
verbose chown [ '/home/vagrant/.npm/handlebars/2.0.0/package.tgz', 1000, 1000 ]
silly resolved [ { name: 'handlebars',
silly resolved     barename: 'handlebars',
silly resolved     version: '2.0.0',
silly resolved     description: 'Handlebars provides the power necessary to let you build semantic templates effectively with no frustration',
silly resolved     homepage: 'http://www.handlebarsjs.com/',
silly resolved     keywords: [ 'handlebars', 'mustache', 'template', 'html' ],
silly resolved     repository: 
silly resolved      { type: 'git',
silly resolved        url: 'git://github.com/wycats/handlebars.js.git' },
silly resolved     author: { name: 'Yehuda Katz' },
silly resolved     license: 'MIT',
silly resolved     readmeFilename: 'README.md',
silly resolved     engines: { node: '>=0.4.7' },
silly resolved     dependencies: { optimist: '~0.3', 'uglify-js': '~2.3' },
silly resolved     optionalDependencies: { 'uglify-js': '~2.3' },
silly resolved     devDependencies: 
silly resolved      { async: '~0.2.9',
silly resolved        'aws-sdk': '~1.5.0',
silly resolved        benchmark: '~1.0',
silly resolved        'dustjs-linkedin': '~2.0.2',
silly resolved        eco: '~1.1.0-rc-3',
silly resolved        'es6-module-packager': '1.x',
silly resolved        grunt: '~0.4.1',
silly resolved        'grunt-cli': '~0.1.10',
silly resolved        'grunt-contrib-clean': '~0.4.1',
silly resolved        'grunt-contrib-concat': '~0.3.0',
silly resolved        'grunt-contrib-connect': '~0.5.0',
silly resolved        'grunt-contrib-copy': '~0.4.1',
silly resolved        'grunt-contrib-jshint': '0.x',
silly resolved        'grunt-contrib-requirejs': '~0.4.1',
silly resolved        'grunt-contrib-uglify': '~0.2.2',
silly resolved        'grunt-contrib-watch': '~0.5.3',
silly resolved        'grunt-saucelabs': '8.x',
silly resolved        istanbul: '^0.3.0',
silly resolved        jison: '~0.3.0',
silly resolved        'keen.io': '0.0.3',
silly resolved        mocha: '~1.20.0',
silly resolved        mustache: '~0.7.2',
silly resolved        semver: '~2.1.0',
silly resolved        underscore: '~1.5.1' },
silly resolved     main: 'lib/index.js',
silly resolved     bin: { handlebars: 'bin/handlebars' },
silly resolved     scripts: { test: 'grunt' },
silly resolved     _id: 'handlebars@2.0.0',
silly resolved     _engineSupported: true,
silly resolved     _npmVersion: '1.1.4',
silly resolved     _nodeVersion: 'v0.6.12',
silly resolved     _defaultsLoaded: true,
silly resolved     dist: { shasum: '6bf4885e4064cd315c29c39af2c014179d7caaca' },
silly resolved     _from: 'handlebars' } ]
info into /usr/local/lib handlebars@2.0.0
info installOne handlebars@2.0.0
verbose from cache /home/vagrant/.npm/handlebars/2.0.0/package/package.json
info unbuild /usr/local/lib/node_modules/handlebars
verbose mkdir (expected) error ENOENT, no such file or directory '/usr/local/lib/node_modules'
verbose unpack_ uid, gid [ undefined, undefined ]
verbose unpackTarget /usr/local/lib/node_modules/handlebars
ERR! Could not create /usr/local/lib/node_modules/___handlebars.npm
ERR! error installing handlebars@2.0.0
info unbuild /usr/local/lib/node_modules/handlebars
verbose installOne cb handlebars@2.0.0
ERR! Error: EACCES, permission denied '/usr/local/lib/node_modules'
ERR! 
ERR! Please try running this command again as root/Administrator.
ERR! 
ERR! System Linux 3.2.0-23-generic
ERR! command "node" "/usr/bin/npm" "install" "-g" "handlebars"
ERR! cwd /Sites/daily-lcs
ERR! node -v v0.6.12
ERR! npm -v 1.1.4
ERR! path /usr/local/lib/node_modules
ERR! code EACCES
ERR! message EACCES, permission denied '/usr/local/lib/node_modules'
ERR! errno {}
verbose exit [ 1, true ]
